[    0.000000] Initializing cgroup subsys cpuset
[    0.000000] Initializing cgroup subsys cpu
[    0.000000] Initializing cgroup subsys cpuacct
[    0.000000] Linux version 4.4.0-116-generic (buildd@lgw01-amd64-021) (gcc version 5.4.0 20160609 (Ubuntu 5.4.0-6ubuntu1~16.04.9) ) #140-Ubuntu SMP Mon Feb 12 21:23:04 UTC 2018 (Ubuntu 4.4.0-116.140-generic 4.4.98)
[    0.000000] Command line: BOOT_IMAGE=/boot/vmlinuz-4.4.0-116-generic root=LABEL=cloudimg-rootfs ro console=tty1 console=ttyS0
[    0.000000] KERNEL supported cpus:
[    0.000000]   Intel GenuineIntel
[    0.000000]   AMD AuthenticAMD
[    0.000000]   Centaur CentaurHauls
[    0.000000] x86/fpu: xstate_offset[2]:  576, xstate_sizes[2]:  256
[    0.000000] x86/fpu: Supporting XSAVE feature 0x01: 'x87 floating point registers'
[    0.000000] x86/fpu: Supporting XSAVE feature 0x02: 'SSE registers'
[    0.000000] x86/fpu: Supporting XSAVE feature 0x04: 'AVX registers'
[    0.000000] x86/fpu: Enabled xstate features 0x7, context size is 832 bytes, using 'standard' format.
[    0.000000] x86/fpu: Using 'lazy' FPU context switches.
[    0.000000] e820: BIOS-provided physical RAM map:
[    0.000000] BIOS-e820: [mem 0x0000000000000000-0x000000000009fbff] usable
[    0.000000] BIOS-e820: [mem 0x000000000009fc00-0x000000000009ffff] reserved
[    0.000000] BIOS-e820: [mem 0x00000000000f0000-0x00000000000fffff] reserved
[    0.000000] BIOS-e820: [mem 0x0000000000100000-0x000000003ffeffff] usable
[    0.000000] BIOS-e820: [mem 0x000000003fff0000-0x000000003fffffff] ACPI data
[    0.000000] BIOS-e820: [mem 0x00000000fec00000-0x00000000fec00fff] reserved
[    0.000000] BIOS-e820: [mem 0x00000000fee00000-0x00000000fee00fff] reserved
[    0.000000] BIOS-e820: [mem 0x00000000fffc0000-0x00000000ffffffff] reserved
[    0.000000] NX (Execute Disable) protection: active
[    0.000000] SMBIOS 2.5 present.
[    0.000000] Hypervisor detected: KVM
[    0.000000] e820: last_pfn = 0x3fff0 max_arch_pfn = 0x400000000
[    0.000000] MTRR: Disabled
[    0.000000] x86/PAT: MTRRs disabled, skipping PAT initialization too.
[    0.000000] CPU MTRRs all blank - virtualized system.
[    0.000000] x86/PAT: Configuration [0-7]: WB  WT  UC- UC  WB  WT  UC- UC  
[    0.000000] found SMP MP-table at [mem 0x0009fff0-0x0009ffff] mapped at [ffff88000009fff0]
[    0.000000] Scanning 1 areas for low memory corruption
[    0.000000] RAMDISK: [mem 0x36ac2000-0x37558fff]
[    0.000000] ACPI: Early table checksum verification disabled
[    0.000000] ACPI: RSDP 0x00000000000E0000 000024 (v02 VBOX  )
[    0.000000] ACPI: XSDT 0x000000003FFF0030 00003C (v01 VBOX   VBOXXSDT 00000001 ASL  00000061)
[    0.000000] ACPI: FACP 0x000000003FFF00F0 0000F4 (v04 VBOX   VBOXFACP 00000001 ASL  00000061)
[    0.000000] ACPI: DSDT 0x000000003FFF0470 0021FF (v02 VBOX   VBOXBIOS 00000002 INTL 20100528)
[    0.000000] ACPI: FACS 0x000000003FFF0200 000040
[    0.000000] ACPI: FACS 0x000000003FFF0200 000040
[    0.000000] ACPI: APIC 0x000000003FFF0240 00005C (v02 VBOX   VBOXAPIC 00000001 ASL  00000061)
[    0.000000] ACPI: SSDT 0x000000003FFF02A0 0001CC (v01 VBOX   VBOXCPUT 00000002 INTL 20100528)
[    0.000000] No NUMA configuration found
[    0.000000] Faking a node at [mem 0x0000000000000000-0x000000003ffeffff]
[    0.000000] NODE_DATA(0) allocated [mem 0x3ffeb000-0x3ffeffff]
[    0.000000] kvm-clock: Using msrs 4b564d01 and 4b564d00
[    0.000000] kvm-clock: cpu 0, msr 0:3ffe3001, primary cpu clock
[    0.000000] kvm-clock: using sched offset of 3141560764 cycles
[    0.000000] clocksource: kvm-clock: mask: 0xffffffffffffffff max_cycles: 0x1cd42e4dffb, max_idle_ns: 881590591483 ns
[    0.000000] Zone ranges:
[    0.000000]   DMA      [mem 0x0000000000001000-0x0000000000ffffff]
[    0.000000]   DMA32    [mem 0x0000000001000000-0x000000003ffeffff]
[    0.000000]   Normal   empty
[    0.000000]   Device   empty
[    0.000000] Movable zone start for each node
[    0.000000] Early memory node ranges
[    0.000000]   node   0: [mem 0x0000000000001000-0x000000000009efff]
[    0.000000]   node   0: [mem 0x0000000000100000-0x000000003ffeffff]
[    0.000000] Initmem setup node 0 [mem 0x0000000000001000-0x000000003ffeffff]
[    0.000000] ACPI: PM-Timer IO Port: 0x4008
[    0.000000] IOAPIC[0]: apic_id 2, version 32, address 0xfec00000, GSI 0-23
[    0.000000] ACPI: INT_SRC_OVR (bus 0 bus_irq 0 global_irq 2 dfl dfl)
[    0.000000] ACPI: INT_SRC_OVR (bus 0 bus_irq 9 global_irq 9 high level)
[    0.000000] Using ACPI (MADT) for SMP configuration information
[    0.000000] smpboot: Allowing 2 CPUs, 0 hotplug CPUs
[    0.000000] PM: Registered nosave memory: [mem 0x00000000-0x00000fff]
[    0.000000] PM: Registered nosave memory: [mem 0x0009f000-0x0009ffff]
[    0.000000] PM: Registered nosave memory: [mem 0x000a0000-0x000effff]
[    0.000000] PM: Registered nosave memory: [mem 0x000f0000-0x000fffff]
[    0.000000] e820: [mem 0x40000000-0xfebfffff] available for PCI devices
[    0.000000] Booting paravirtualized kernel on KVM
[    0.000000] clocksource: refined-jiffies: mask: 0xffffffff max_cycles: 0xffffffff, max_idle_ns: 7645519600211568 ns
[    0.000000] setup_percpu: NR_CPUS:512 nr_cpumask_bits:512 nr_cpu_ids:2 nr_node_ids:1
[    0.000000] PERCPU: Embedded 34 pages/cpu @ffff88003fc00000 s99544 r8192 d31528 u1048576
[    0.000000] PV qspinlock hash table entries: 256 (order: 0, 4096 bytes)
[    0.000000] Built 1 zonelists in Node order, mobility grouping on.  Total pages: 257913
[    0.000000] Policy zone: DMA32
[    0.000000] Kernel command line: BOOT_IMAGE=/boot/vmlinuz-4.4.0-116-generic root=LABEL=cloudimg-rootfs ro console=tty1 console=ttyS0
[    0.000000] PID hash table entries: 4096 (order: 3, 32768 bytes)
[    0.000000] Memory: 1001688K/1048120K available (8530K kernel code, 1309K rwdata, 3992K rodata, 1508K init, 1316K bss, 46432K reserved, 0K cma-reserved)
[    0.000000] SLUB: HWalign=64, Order=0-3, MinObjects=0, CPUs=2, Nodes=1
[    0.000000] Kernel/User page tables isolation: enabled
[    0.000000] Hierarchical RCU implementation.
[    0.000000] 	Build-time adjustment of leaf fanout to 64.
[    0.000000] 	RCU restricting CPUs from NR_CPUS=512 to nr_cpu_ids=2.
[    0.000000] RCU: Adjusting geometry for rcu_fanout_leaf=64, nr_cpu_ids=2
[    0.000000] NR_IRQS:33024 nr_irqs:440 16
[    0.000000] Console: colour VGA+ 80x25
[    0.000000] console [tty1] enabled
[    0.000000] console [ttyS0] enabled
[    0.000000] tsc: Detected 3498.990 MHz processor
[    9.906665] Calibrating delay loop (skipped) preset value.. 6997.98 BogoMIPS (lpj=13995960)
[   10.111504] pid_max: default: 32768 minimum: 301
[   10.248112] ACPI: Core revision 20150930
[   10.351546] ACPI: 2 ACPI AML tables successfully acquired and loaded
[   10.400830] Security Framework initialized
[   10.462535] Yama: becoming mindful.
[   10.540749] AppArmor: AppArmor initialized
[   10.638510] Dentry cache hash table entries: 131072 (order: 8, 1048576 bytes)
[   10.823022] Inode-cache hash table entries: 65536 (order: 7, 524288 bytes)
[   10.854943] Mount-cache hash table entries: 2048 (order: 2, 16384 bytes)
[   11.035644] Mountpoint-cache hash table entries: 2048 (order: 2, 16384 bytes)
[   11.105232] Initializing cgroup subsys io
[   11.145794] Initializing cgroup subsys memory
[   11.261404] Initializing cgroup subsys devices
[   11.369082] Initializing cgroup subsys freezer
[   11.488264] Initializing cgroup subsys net_cls
[   11.528051] Initializing cgroup subsys perf_event
[   11.528736] Initializing cgroup subsys net_prio
[   11.529411] Initializing cgroup subsys hugetlb
[   11.530058] Initializing cgroup subsys pids
[   11.530745] CPU: Physical Processor ID: 0
[   11.547869] CPU: Processor Core ID: 0
[   11.649175] FEATURE SPEC_CTRL Not Present
[   11.686142] mce: CPU supports 0 MCE banks
[   11.782363] Last level iTLB entries: 4KB 1024, 2MB 1024, 4MB 1024
[   11.885640] Last level dTLB entries: 4KB 1024, 2MB 1024, 4MB 1024, 1GB 4
[   12.062099] Spectre V2 mitigation: Mitigation: Full generic retpoline
[   12.169777] Spectre V2 mitigation: Speculation control IBPB not-supported IBRS not-supported
[   12.330849] Freeing SMP alternatives memory: 32K
[   12.421079] ftrace: allocating 32186 entries in 126 pages
[   12.579977] smpboot: APIC(0) Converting physical 0 to logical package 0
[   12.609029] smpboot: Max logical packages: 1
[   12.720435] x2apic enabled
[   12.788989] Switched APIC routing to physical x2apic.
[   12.908891] ..TIMER: vector=0x30 apic1=0 pin1=2 apic2=-1 pin2=-1
[   13.204319] smpboot: CPU0: Intel(R) Core(TM) i7-5930K CPU @ 3.50GHz (family: 0x6, model: 0x3f, stepping: 0x2)
[   13.480951] Performance Events: unsupported p6 CPU model 63 no PMU driver, software events only.
[   13.745209] KVM setup paravirtual spinlock
[   13.839320] x86: Booting SMP configuration:
[   13.948855] .... node  #0, CPUs:      #1
[   14.047957] kvm-clock: cpu 1, msr 0:3ffe3041, secondary cpu clock
[   14.207834] mce: CPU supports 0 MCE banks
[   14.320220] x86: Booted up 1 node, 2 CPUs
[   14.426005] smpboot: Total of 2 processors activated (13995.96 BogoMIPS)
[   14.592413] devtmpfs: initialized
[   14.703212] evm: security.selinux
[   14.794186] evm: security.SMACK64
[   14.885735] evm: security.SMACK64EXEC
[   14.900970] evm: security.SMACK64TRANSMUTE
[   14.985281] evm: security.SMACK64MMAP
[   15.069470] evm: security.ima
[   15.152498] evm: security.capability
[   15.270936] clocksource: jiffies: mask: 0xffffffff max_cycles: 0xffffffff, max_idle_ns: 7645041785100000 ns
[   15.488983] futex hash table entries: 512 (order: 3, 32768 bytes)
[   15.633407] pinctrl core: initialized pinctrl subsystem
[   15.763068] RTC time:  9:25:39, date: 03/20/18
[   15.887444] NET: Registered protocol family 16
[   15.933515] cpuidle: using governor ladder
[   16.046049] cpuidle: using governor menu
[   16.069913] PCCT header not found.
[   16.070538] ACPI: bus type PCI registered
[   16.071138] acpiphp: ACPI Hot Plug PCI Controller Driver version: 0.5
[   16.072101] PCI: Using configuration type 1 for base access
[   16.112152] ACPI: Added _OSI(Module Device)
[   16.134418] ACPI: Added _OSI(Processor Device)
[   16.135064] ACPI: Added _OSI(3.0 _SCP Extensions)
[   16.277495] ACPI: Added _OSI(Processor Aggregator Device)
[   16.443529] ACPI: Executed 1 blocks of module-level executable AML code
[   16.465258] ACPI: Interpreter enabled
[   16.524019] ACPI: (supports S0 S5)
[   16.524586] ACPI: Using IOAPIC for interrupt routing
[   16.676905] PCI: Using host bridge windows from ACPI; if necessary, use "pci=nocrs" and report a bug
[   16.946287] ACPI: PCI Root Bridge [PCI0] (domain 0000 [bus 00-ff])
[   17.131426] acpi PNP0A03:00: _OSC: OS supports [ASPM ClockPM Segments MSI]
[   17.327404] acpi PNP0A03:00: _OSC: not requesting OS control; OS requires [ExtendedConfig ASPM ClockPM MSI]
[   17.620498] acpi PNP0A03:00: fail to add MMCONFIG information, can't access extended PCI configuration space under this bridge.
[   17.699331] PCI host bridge to bus 0000:00
[   17.734223] pci_bus 0000:00: root bus resource [io  0x0000-0x0cf7 window]
[   17.853662] pci_bus 0000:00: root bus resource [io  0x0d00-0xffff window]
[   18.013286] pci_bus 0000:00: root bus resource [mem 0x000a0000-0x000bffff window]
[   18.196309] pci_bus 0000:00: root bus resource [mem 0x40000000-0xffdfffff window]
[   18.435400] pci_bus 0000:00: root bus resource [bus 00-ff]
[   18.591811] pci 0000:00:01.1: legacy IDE quirk: reg 0x10: [io  0x01f0-0x01f7]
[   18.744345] pci 0000:00:01.1: legacy IDE quirk: reg 0x14: [io  0x03f6]
[   18.938581] pci 0000:00:01.1: legacy IDE quirk: reg 0x18: [io  0x0170-0x0177]
[   19.104606] pci 0000:00:01.1: legacy IDE quirk: reg 0x1c: [io  0x0376]
[   19.303719] pci 0000:00:07.0: quirk: [io  0x4000-0x403f] claimed by PIIX4 ACPI
[   19.522177] pci 0000:00:07.0: quirk: [io  0x4100-0x410f] claimed by PIIX4 SMB
[   19.632696] ACPI: PCI Interrupt Link [LNKA] (IRQs 5 9 10 *11)
[   19.780248] ACPI: PCI Interrupt Link [LNKB] (IRQs 5 9 10 *11)
[   19.930787] ACPI: PCI Interrupt Link [LNKC] (IRQs 5 9 *10 11)
[   20.064969] ACPI: PCI Interrupt Link [LNKD] (IRQs 5 *9 10 11)
[   20.196139] ACPI: Enabled 2 GPEs in block 00 to 07
[   20.256676] vgaarb: setting as boot device: PCI:0000:00:02.0
[   20.406924] vgaarb: device added: PCI:0000:00:02.0,decodes=io+mem,owns=io+mem,locks=none
[   20.669405] vgaarb: loaded
[   20.749204] vgaarb: bridge control possible 0000:00:02.0
[   20.902917] SCSI subsystem initialized
[   21.000925] ACPI: bus type USB registered
[   21.118582] usbcore: registered new interface driver usbfs
[   21.239274] usbcore: registered new interface driver hub
[   21.379465] usbcore: registered new device driver usb
[   21.523994] PCI: Using ACPI for IRQ routing
[   21.629538] NetLabel: Initializing
[   21.728879] NetLabel:  domain hash size = 128
[   21.873517] NetLabel:  protocols = UNLABELED CIPSOv4
[   22.027178] NetLabel:  unlabeled traffic allowed by default
[   22.196363] amd_nb: Cannot enumerate AMD northbridges
[   22.321375] clocksource: Switched to clocksource kvm-clock
[   22.442032] AppArmor: AppArmor Filesystem Enabled
[   22.594900] pnp: PnP ACPI init
[   22.688643] pnp: PnP ACPI: found 3 devices
[   22.817541] clocksource: acpi_pm: mask: 0xffffff max_cycles: 0xffffff, max_idle_ns: 2085701024 ns
[   22.884835] NET: Registered protocol family 2
[   23.006281] TCP established hash table entries: 8192 (order: 4, 65536 bytes)
[   23.169429] TCP bind hash table entries: 8192 (order: 5, 131072 bytes)
[   23.372574] TCP: Hash tables configured (established 8192 bind 8192)
[   23.568917] UDP hash table entries: 512 (order: 2, 16384 bytes)
[   23.745673] UDP-Lite hash table entries: 512 (order: 2, 16384 bytes)
[   23.934601] NET: Registered protocol family 1
[   24.074355] pci 0000:00:00.0: Limiting direct PCI/PCI transfers
[   24.259756] pci 0000:00:01.0: Activating ISA DMA hang workarounds
[   24.428842] Unpacking initramfs...
[   25.968480] Freeing initrd memory: 10844K
[   26.067869] RAPL PMU detected, API unit is 2^-32 Joules, 3 fixed counters 10737418240 ms ovfl timer
[   26.346586] hw unit of domain pp0-core 2^-0 Joules
[   26.364737] hw unit of domain package 2^-0 Joules
[   26.501518] hw unit of domain dram 2^-16 Joules
[   26.613398] platform rtc_cmos: registered platform RTC device (no PNP device found)
[   26.860108] Scanning for low memory corruption every 60 seconds
[   27.048542] audit: initializing netlink subsys (disabled)
[   27.198886] audit: type=2000 audit(1521537934.644:1): initialized
[   27.382860] Initialise system trusted keyring
[   27.513916] HugeTLB registered 2 MB page size, pre-allocated 0 pages
[   27.534883] zbud: loaded
[   27.612040] tsc: Refined TSC clocksource calibration: 3498.131 MHz
[   27.625515] clocksource: tsc: mask: 0xffffffffffffffff max_cycles: 0x326c6bc8b20, max_idle_ns: 440795315627 ns
[   27.920134] VFS: Disk quotas dquot_6.6.0
[   28.019312] VFS: Dquot-cache hash table entries: 512 (order 0, 4096 bytes)
[   28.216334] squashfs: version 4.0 (2009/01/31) Phillip Lougher
[   28.348783] fuse init (API version 7.23)
[   28.373787] Key type big_key registered
[   28.403652] Allocating IMA MOK and blacklist keyrings.
[   28.528081] Key type asymmetric registered
[   28.627021] Asymmetric key parser 'x509' registered
[   28.751968] Block layer SCSI generic (bsg) driver version 0.4 loaded (major 249)
[   28.871298] io scheduler noop registered
[   28.953276] io scheduler deadline registered (default)
[   28.997447] io scheduler cfq registered
[   29.004210] pci_hotplug: PCI Hot Plug PCI Core version: 0.5
[   29.004982] pciehp: PCI Express Hot Plug Controller Driver version: 0.4
[   29.119207] ACPI: AC Adapter [AC] (on-line)
[   29.168920] input: Power Button as /devices/LNXSYSTM:00/LNXPWRBN:00/input/input0
[   29.336636] ACPI: Power Button [PWRF]
[   29.425122] input: Sleep Button as /devices/LNXSYSTM:00/LNXSLPBN:00/input/input1
[   29.615139] ACPI: Sleep Button [SLPF]
[   29.625383] GHES: HEST is not enabled!
[   29.703664] Serial: 8250/16550 driver, 32 ports, IRQ sharing enabled
ÿ[   29.732742] 00:02: ttyS0 at I/O 0x3f8 (irq = 4, base_baud = 115200) is a 16550A
[   29.858937] Linux agpgart interface v0.103
[   29.959350] loop: module loaded
[   30.040192] scsi host0: ata_piix
[   30.114069] scsi host1: ata_piix
[   30.128714] ata1: PATA max UDMA/33 cmd 0x1f0 ctl 0x3f6 bmdma 0xd000 irq 14
[   30.313236] ata2: PATA max UDMA/33 cmd 0x170 ctl 0x376 bmdma 0xd008 irq 15
[   30.505042] libphy: Fixed MDIO Bus: probed
[   30.619705] tun: Universal TUN/TAP device driver, 1.6
[   30.672023] tun: (C) 1999-2004 Max Krasnyansky <maxk@qualcomm.com>
[   30.802754] PPP generic driver version 2.4.2
[   30.837526] ehci_hcd: USB 2.0 'Enhanced' Host Controller (EHCI) Driver
[   31.016619] ehci-pci: EHCI PCI platform driver
[   31.099845] ehci-platform: EHCI generic platform driver
[   31.238540] ohci_hcd: USB 1.1 'Open' Host Controller (OHCI) Driver
[   31.386223] ohci-pci: OHCI PCI platform driver
[   31.516617] ohci-platform: OHCI generic platform driver
[   31.621592] uhci_hcd: USB Universal Host Controller Interface driver
[   31.761922] i8042: PNP: PS/2 Controller [PNP0303:PS2K,PNP0f03:PS2M] at 0x60,0x64 irq 1,12
[   31.886435] serio: i8042 KBD port at 0x60,0x64 irq 1
[   32.010266] serio: i8042 AUX port at 0x60,0x64 irq 12
[   32.147183] mousedev: PS/2 mouse device common for all mice
[   32.287205] input: AT Translated Set 2 keyboard as /devices/platform/i8042/serio0/input/input2
[   32.512430] rtc_cmos rtc_cmos: rtc core: registered rtc_cmos as rtc0
[   32.648551] rtc_cmos rtc_cmos: alarms up to one day, 114 bytes nvram
[   32.675537] i2c /dev entries driver
[   32.773702] device-mapper: uevent: version 1.0.3
[   32.837343] device-mapper: ioctl: 4.34.0-ioctl (2015-10-28) initialised: dm-devel@redhat.com
[   32.840110] ledtrig-cpu: registered to indicate activity on CPUs
[   32.985924] NET: Registered protocol family 10
[   33.078288] NET: Registered protocol family 17
[   33.143145] Key type dns_resolver registered
[   33.229539] microcode: CPU0 sig=0x306f2, pf=0x40, revision=0x0
[   33.354288] microcode: CPU1 sig=0x306f2, pf=0x40, revision=0x0
[   33.369775] microcode: Microcode Update Driver: v2.01 <tigran@aivazian.fsnet.co.uk>, Peter Oruba
[   33.450827] registered taskstats version 1
[   33.454145] Loading compiled-in X.509 certificates
[   33.455387] Loaded X.509 cert 'Build time autogenerated kernel key: aa84f01984fbd529c105810b59e379d349698248'
[   33.459548] zswap: loaded using pool lzo/zbud
[   33.461616] Key type trusted registered
[   33.468885] Key type encrypted registered
[   33.470671] AppArmor: AppArmor sha1 policy hashing enabled
[   33.492902] ima: No TPM chip found, activating TPM-bypass!
[   33.657158] evm: HMAC attrs: 0x1
[   33.740512]   Magic number: 10:810:424
[   33.824049] rtc_cmos rtc_cmos: setting system clock to 2018-03-20 09:25:57 UTC (1521537957)
[   34.059644] BIOS EDD facility v0.16 2004-Jun-25, 0 devices found
[   34.232148] EDD information not available.
[   34.356887] Freeing unused kernel memory: 1508K
[   34.455568] Write protecting the kernel read-only data: 14336k
[   34.541815] Freeing unused kernel memory: 1700K
[   34.542724] Freeing unused kernel memory: 104K
Loading, please wait...
starting version[   34.558925] random: systemd-udevd: uninitialized urandom read (16 bytes read, 4 bits of entropy available)
 229
[   34.559358] random: udevadm: uninitialized urandom read (16 bytes read, 4 bits of entropy available)
[   34.559372] random: udevadm: uninitialized urandom read (16 bytes read, 4 bits of entropy available)
[   34.567095] random: udevadm: uninitialized urandom read (16 bytes read, 4 bits of entropy available)
[   34.567125] random: udevadm: uninitialized urandom read (16 bytes read, 4 bits of entropy available)
[   34.567218] random: udevadm: uninitialized urandom read (16 bytes read, 4 bits of entropy available)
[   34.567254] random: udevadm: uninitialized urandom read (16 bytes read, 4 bits of entropy available)
[   34.567287] random: udevadm: uninitialized urandom read (16 bytes read, 4 bits of entropy available)
[   34.567322] random: udevadm: uninitialized urandom read (16 bytes read, 4 bits of entropy available)
[   34.567354] random: udevadm: uninitialized urandom read (16 bytes read, 4 bits of entropy available)
[   34.981031] e1000: Intel(R) PRO/1000 Network Driver - version 7.3.21-k8-NAPI
[   34.989112] e1000: Copyright (c) 1999-2006 Intel Corporation.
[   34.997868] Fusion MPT base driver 3.04.20
[   35.103172] Copyright (c) 1999-2008 LSI Corporation
[   35.220945] AVX version of gcm_enc/dec engaged.
[   35.341984] AES CTR mode by8 optimization enabled
[   35.494580] input: ImExPS/2 Generic Explorer Mouse as /devices/platform/i8042/serio1/input/input4
[   35.567088] Fusion MPT SPI Host driver 3.04.20
[   35.809169] e1000 0000:00:03.0 eth0: (PCI:33MHz:32-bit) 02:74:f2:80:ad:a4
[   36.001915] e1000 0000:00:03.0 eth0: Intel(R) PRO/1000 Network Connection
[   36.224659] e1000 0000:00:03.0 enp0s3: renamed from eth0
[   36.385830] mptbase: ioc0: Initiating bringup
[   36.565926] ioc0: LSI53C1030 A0: Capabilities={Initiator}
[   36.786479] scsi host2: ioc0: LSI53C1030 A0, FwRev=00000000h, Ports=1, MaxQ=256, IRQ=20
[   37.085957] scsi 2:0:0:0: Direct-Access     VBOX     HARDDISK         1.0  PQ: 0 ANSI: 5
[   37.333480] scsi target2:0:0: Beginning Domain Validation
[   37.504072] scsi target2:0:0: Domain Validation skipping write tests
[   37.524942] scsi target2:0:0: Ending Domain Validation
[   37.525854] scsi target2:0:0: asynchronous
[   37.526893] scsi 2:0:1:0: Direct-Access     VBOX     HARDDISK         1.0  PQ: 0 ANSI: 5
[   37.528087] scsi target2:0:1: Beginning Domain Validation
[   37.531189] scsi target2:0:1: Domain Validation skipping write tests
[   37.555549] scsi target2:0:1: Ending Domain Validation
[   37.727361] scsi target2:0:1: asynchronous
[   37.853757] sd 2:0:0:0: [sda] 20971520 512-byte logical blocks: (10.7 GB/10.0 GiB)
[   38.094125] sd 2:0:0:0: Attached scsi generic sg0 type 0
[   38.097460] floppy0: no floppy controllers found
[   38.097492] work still pending
[   38.232788] sd 2:0:0:0: [sda] Write Protect is off
[   38.232844] sd 2:0:0:0: [sda] Incomplete mode parameter data
[   38.232845] sd 2:0:0:0: [sda] Assuming drive cache: write through
[   38.234177]  sda: sda1
[   38.234511] sd 2:0:0:0: [sda] Attached SCSI disk
[   39.189184] sd 2:0:1:0: Attached scsi generic sg1 type 0
[   39.189326] sd 2:0:1:0: [sdb] 20480 512-byte logical blocks: (10.5 MB/10.0 MiB)
[   39.189433] sd 2:0:1:0: [sdb] Write Protect is off
[   39.189488] sd 2:0:1:0: [sdb] Incomplete mode parameter data
[   39.189489] sd 2:0:1:0: [sdb] Assuming drive cache: write through
[   39.191243] sd 2:0:1:0: [sdb] Attached SCSI disk
Begin: Loading e[   41.392464] md: linear personality registered for level -1
ssential drivers[   41.585975] md: multipath personality registered for level -4
 ... [   41.777486] md: raid0 personality registered for level 0
[   41.847738] md: raid1 personality registered for level 1
[   42.085872] raid6: sse2x1   gen() 10743 MB/s
[   42.269673] raid6: sse2x1   xor()  8437 MB/s
[   42.385827] raid6: sse2x2   gen() 13926 MB/s
[   42.481516] raid6: sse2x2   xor()  9274 MB/s
[   42.593722] raid6: sse2x4   gen() 16119 MB/s
[   42.705381] raid6: sse2x4   xor() 11241 MB/s
[   42.728983] raid6: using algorithm sse2x4 gen() 16119 MB/s
[   42.759352] raid6: .... xor() 11241 MB/s, rmw enabled
[   42.833451] raid6: using ssse3x2 recovery algorithm
[   42.840713] xor: automatically using best checksumming function:
[   42.885722]    avx       : 26675.000 MB/sec
[   42.960373] async_tx: api initialized (async)
[   43.050650] md: raid6 personality registered for level 6
[   43.104770] md: raid5 personality registered for level 5
[   43.251317] md: raid4 personality registered for level 4
[   43.317691] md: raid10 personality registered for level 10
done.
Begin: Running /scripts/init-premount ... done.
Begin: Mounting root file system ... Begin: Running /scripts/local-top ... done.
Begin: Running /scripts/local-premount ... [   43.484840] Btrfs loaded
Scanning for Btrfs filesystems
done.
Warning: fsck [   43.512751] EXT4-fs (sda1): mounted filesystem with ordered data mode. Opts: (null)
not present, so skipping root file system
done.
Begin: Running /scripts/local-bottom ... done.
Begin: Running /scripts/init-bottom ... done.
[   43.805077] systemd[1]: systemd 229 running in system mode. (+PAM +AUDIT +SELINUX +IMA +APPARMOR +SMACK +SYSVINIT +UTMP +LIBCRYPTSETUP +GCRYPT +GNUTLS +ACL +XZ -LZ4 +SECCOMP +BLKID +ELFUTILS +KMOD -IDN)
[   44.329339] systemd[1]: Detected virtualization oracle.
[   44.338968] systemd[1]: Detected architecture x86-64.

Welcome to [1mUbuntu 16.04.4 LTS[0m!

[   44.406559] systemd[1]: Set hostname to <ubuntu>.
[   44.527034] systemd[1]: Initializing machine ID from random generator.
[   44.693611] systemd[1]: Installed transient /etc/machine-id file.
[   44.800059] systemd[1]: Listening on LVM2 metadata daemon socket.
[[0;32m  OK  [0m] Listening on LVM2 metadata daemon socket.
[   44.982441] systemd[1]: Listening on Journal Audit Socket.
[[0;32m  OK  [0m] Listening on Journal Audit Socket.
[   45.038792] systemd[1]: Listening on Journal Socket.
[[0;32m  OK  [0m] Listening on Journal Socket.
[   45.065896] systemd[1]: Listening on Syslog Socket.
[[0;32m  OK  [0m] Listening on Syslog Socket.
[   45.124110] systemd[1]: Listening on Journal Socket (/dev/log).
[[0;32m  OK  [0m] Listening on Journal Socket (/dev/log).
[   45.125698] systemd[1]: Reached target User and Group Name Lookups.
[[0;32m  OK  [0m] Reached target User and Group Name Lookups.
[   45.127328] systemd[1]: Started Trigger resolvconf update for networkd DNS.
[[0;32m  OK  [0m] Started Trigger resolvconf update for networkd DNS.
[   45.131063] systemd[1]: Listening on /dev/initctl Compatibility Named Pipe.
[[0;32m  OK  [0m] Listening on /dev/initctl Compatibility Named Pipe.
[   45.132847] systemd[1]: Started Forward Password Requests to Wall Directory Watch.
[[0;32m  OK  [0m] Started Forward Password Requests to Wall Directory Watch.
[   45.169846] systemd[1]: Listening on LVM2 poll daemon socket.
[[0;32m  OK  [0m] Listening on LVM2 poll daemon socket.
[   45.182656] systemd[1]: Listening on udev Control Socket.
[[0;32m  OK  [0m] Listening on udev Control Socket.
[   45.198932] systemd[1]: Set up automount Arbitrary Executable File Formats File System Automount Point.
[[0;32m  OK  [0m] Set up automount Arbitrary Executab...ats File System Automount Point.
[   45.290043] systemd[1]: Listening on Device-mapper event daemon FIFOs.
[[0;32m  OK  [0m] Listening on Device-mapper event daemon FIFOs.
[   45.440291] systemd[1]: Reached target Swap.
[[0;32m  OK  [0m] Reached target Swap.
[   45.456122] systemd[1]: Reached target Encrypted Volumes.
[[0;32m  OK  [0m] Reached target Encrypted Volumes.
[   45.457838] systemd[1]: Created slice User and Session Slice.
[[0;32m  OK  [0m] Created slice User and Session Slice.
[   45.459375] systemd[1]: Listening on udev Kernel Socket.
[[0;32m  OK  [0m] Listening on udev Kernel Socket.
[   45.482901] systemd[1]: Created slice System Slice.
[[0;32m  OK  [0m] Created slice System Slice.
[   45.629566] systemd[1]: Reached target Slices.
[[0;32m  OK  [0m] Reached target Slices.
[   45.645765] systemd[1]: Starting Journal Service...
         Starting Journal Service...
[   45.785988] systemd[1]: Starting Nameserver information manager...
         Starting Nameserver information manager...
[   46.014208] systemd[1]: Mounting Huge Pages File System...
[   46.014716] random: nonblocking pool is initialized
         Mounting Huge Pages File System...
[   46.231405] systemd[1]: Mounting Debug File System...
         Mounting Debug File System...
[   46.361724] systemd[1]: Starting Set console keymap...
         Starting Set console keymap...
[   46.519514] systemd[1]: Starting Monitoring of LVM2 mirrors, snapshots etc. using dmeventd or progress polling...
         Starting Monitoring of LVM2 mirrors... dmeventd or progress polling...
[   46.722424] systemd[1]: Created slice system-serial\x2dgetty.slice.
[[0;32m  OK  [0m] Created slice system-serial\x2dgetty.slice.
[   46.918205] systemd[1]: Starting Load Kernel Modules...
[   47.062151] Loading iSCSI transport class v2.0-870.
         Startin[   47.227872] iscsi: registered transport (tcp)
g Load Kernel Modules...
[   47.394333] iscsi: registered transport (iser)
[   47.558076] systemd[1]: Starting Create list of required static device nodes for the current kernel...
         Starting Create list of required st... nodes for the current kernel...
[   47.859326] systemd[1]: Mounting POSIX Message Queue File System...
         Mounting POSIX Message Queue File System...
[   48.077764] systemd[1]: Starting Uncomplicated firewall...
         Starting Uncomplicated firewall...
[   48.262681] systemd[1]: Starting Remount Root and Kernel File Systems...
[   48.265150] EXT4-fs (sda1): re-mounted. Opts: (null)
         Starting Remount Root and Kernel File Systems...
[   48.588772] systemd[1]: Mounted Debug File System.
[[0;32m  OK  [0m] Mounted Debug File System.
[   48.753253] systemd[1]: Mounted POSIX Message Queue File System.
[[0;32m  OK  [0m] Mounted POSIX Message Queue File System.
[   48.928155] systemd[1]: Mounted Huge Pages File System.
[[0;32m  OK  [0m] Mounted Huge Pages File System.
[   48.930824] systemd[1]: Started Journal Service.
[[0;32m  OK  [0m] Started Journal Service.
[[0;32m  OK  [0m] Started Set console keymap.
[[0;32m  OK  [0m] Started Load Kernel Modules.
[[0;32m  OK  [0m] Started Create list of required sta...ce nodes for the current kernel.
[[0;32m  OK  [0m] Started Uncomplicated firewall.
[[0;32m  OK  [0m] Started Remount Root and Kernel File Systems.
[[0;32m  OK  [0m] Started Nameserver information manager.
[[0;32m  OK  [0m] Started LVM2 metadata daemon.
         Starting Initial cloud-init job (pre-networking)...
         Starting Load/Save Random Seed...
         Starting udev Coldplug all Devices...
         Starting Create Static Device Nodes in /dev...
         Mounting FUSE Control File System...
         Starting Apply Kernel Variables...
         Starting Flush Journal to Persistent Storage...
[[0;32m  OK  [0m] Mounted FUSE Control File System.
[[0;32m  OK  [0m] Started Load/Save Random Seed.
[[0;32m  OK  [0m] Started Create Static Device Nodes in /dev.
[[0;32m  OK  [0m] Started Apply Kernel Variables.
[[0;32m  OK  [0m] Started udev Coldplug all Devices.
[[0;32m  OK  [0m] Started Flush Journal to Persistent Storage.
         Starting udev Kernel Device Manager...
[[0;32m  OK  [0m] Started udev Kernel Device Manager.
[[0;32m  OK  [0m] Started Dispatch Password Requests to Console Directory Watch.
[[0;32m  OK  [0m] Started Monitoring of LVM2 mirrors,...ng dmeventd or progress polling.
[[0;32m  OK  [0m] Reached target Local File Systems (Pre).
[[0;32m  OK  [0m] Reached target Local File Systems.
         Starting Tell Plymouth To Write Out Runtime Data...
         Starting Commit a transient machine-id on disk...
         Starting Create Volatile Files and Directories...
         Starting LSB: AppArmor initialization...
         Starting Set console font and keymap...
[[0;32m  OK  [0m] Started Tell Plymouth To Write Out Runtime Data.
[[0;32m  OK  [0m] Started Commit a transient machine-id on disk.
[[0;32m  OK  [0m] Started Create Volatile Files and Directories.
[[0;32m  OK  [0m] Found device /dev/ttyS0.
[[0;32m  OK  [0m] Reached target System Time Synchronized.
         Starting Update UTMP about System Boot/Shutdown...
[[0;32m  OK  [0m] Started Update UTMP about System Boot/Shutdown.
[   28.459210] cloud-init[446]: Cloud-init v. 17.2 running 'init-local' at Tue, 20 Mar 2018 09:26:13 +0000. Up 28.16 seconds.
[[0;32m  OK  [0m] Started Initial cloud-init job (pre-networking).
[[0;32m  OK  [0m] Started LSB: AppArmor initialization.
[[0;32m  OK  [0m] Listening on Load/Save RF Kill Switch Status /dev/rfkill Watch.
[[0;32m  OK  [0m] Reached target Network (Pre).
         Starting Raise network interfaces...
[[0;32m  OK  [0m] Started Set console font and keymap.
[[0;32m  OK  [0m] Created slice system-getty.slice.
[[0;32m  OK  [0m] Started Raise network interfaces.
         Starting Initial cloud-init job (metadata service crawler)...
[[0;32m  OK  [0m] Reached target Network.
[   31.664437] cloud-init[934]: Cloud-init v. 17.2 running 'init' at Tue, 20 Mar 2018 09:26:16 +0000. Up 31.26 seconds.
[   31.693650] cloud-init[934]: ci-info: +++++++++++++++++++++++++++++++++++++Net device info++++++++++++++++++++++++++++++++++++++
[   31.722551] cloud-init[934]: ci-info: +--------+------+----------------------------+---------------+-------+-------------------+
[[0;32m  OK  [0m] Started Initial cloud-init job (metadata service crawler).
[   31.733496] [cloud-init[0;32m  OK  [0m[934]: ] ci-info: | Device |  Up  |          Address           |      Mask     | Scope |     Hw-Address    |Reached target Network is Online.

[   31.743642] cloud-init[934]: ci-info: +--------+------+----------------------------+---------------+-------+-------------------+
[   31.764142] cloud-init[934]: ci-info: | enp0s3 | True |         10.0.2.15          | 255.255.255.0 |   .   | 02:74:f2:80:ad:a4 |
[   31.780218]          cloud-initStarting iSCSI initiator daemon (iscsid)...[934]: 
ci-info: | enp0s3 | True | fe80::74:f2ff:fe80:ada4/64 |       .       |  link | 02:74:f2:80:ad:a4 |
[   31.787614] [cloud-init[0;32m  OK  [0m[934]: ] ci-info: |   lo   | True |         127.0.0.1          |   255.0.0.0   |   .   |         .         |Reached target System Initialization.

         Starting Socket activation for snappy daemon.
[   31.788028] cloud-init[934]: ci-info: |   lo   | True |          ::1/128           |       .       |  host |         .         |
[   31.828700] [cloud-init[0;32m  OK  [0m[934]: ] ci-info: +--------+------+----------------------------+---------------+-------+-------------------+Started Timer to automatically refresh installed snaps.

[[0;32m  OK  [0m] Listening on D-Bus System Message Bus Socket.
[   31.829033] cloud-init[934]: ci-info: +++++++++++++++++++++++++++Route IPv4 info++++++++++++++++++++++++++++
[   31.880456] [cloud-init[0;32m  OK  [0m[934]: ] ci-info: +-------+-------------+----------+---------------+-----------+-------+Started Daily apt download activities.

[   31.880787] cloud-init[934]: ci-info: | Route | Destination | Gateway  |    Genmask    | Interface | Flags |
[   31.924278]          cloud-initStarting LXD - unix socket.[934]: 
ci-info: +-------+-------------+----------+---------------+-----------+-------+
[   31.933604] [cloud-init[0;32m  OK  [0m[934]: ] ci-info: |   0   |   0.0.0.0   | 10.0.2.2 |    0.0.0.0    |   enp0s3  |   UG  |Started ACPI Events Check.

[[0;32m  OK  [0m] Reached target Paths.
[[0;32m  OK  [0m] Started Daily apt upgrade and clean activities.
[   31.934020] cloud-init[934]: ci-info: |   1   |   10.0.2.0  | 0.0.0.0  | 255.255.255.0 |   enp0s3  |   U   |
[   31.983915] [cloud-init[0;32m  OK  [0m[934]: ] ci-info: +-------+-------------+----------+---------------+-----------+-------+Listening on UUID daemon activation socket.

[[0;32m  OK  [0m] Started Daily Cleanup of Temporary Directories.
[[0;32m  OK  [0m] Reached target Timers.
[   31.984494] cloud-init[934]: Generating public/private rsa key pair.
[   32.029740] [cloud-init[0;32m  OK  [0m[934]: ] Your identification has been saved in /etc/ssh/ssh_host_rsa_key.Listening on ACPID Listen Socket.

[[0;32m  OK  [0m] Reached target Cloud-config availability.
[   32.030092] cloud-init[934]: Your public key has been saved in /etc/ssh/ssh_host_rsa_key.pub.
[[0;32m  OK  [0m] Listening on Socket activation for snappy daemon.
[[0;32m  OK  [0m] Listening on LXD - unix socket.
[   32.061376] cloud-init[934]: The key fingerprint is:
[   32.076323] [cloud-init[0;32m  OK  [0m[934]: ] SHA256:Hf6VsNiwB73MhRa2H38vz/R0EQAeg32pPMgQ+8XNMsI root@ubuntu-xenialStarted iSCSI initiator daemon (iscsid).

[   32.088744]          cloud-initStarting Login to default iSCSI targets...[934]: 
The key's randomart image is:
[   32.096437] [cloud-init[0;32m  OK  [0m[934]: ] +---[RSA 2048]----+Reached target Sockets.

[[0;32m  OK  [0m] Reached target Basic System.
[   32.096786] cloud-init[934]: |       .. o++..  |
[   32.110422] cloud-init[934]: |       .o.o+=*.  |
[   32.132555] [[0;32m  OK  [0m] Started D-Bus System Message Bus.
cloud-init[934]: |       .oE**Ooo. |
[   32.147064] cloud-init[934]: |        .=o#o* +.|
[[   32.157236] cloud-init[934]: |        S.= O +.o|
[   32.157525] cloud-init[934]: |           o .  +|
[0;32m  OK  [0m] Started FUSE filesystem for LXC.
[   32.157618] cloud-init[934]: |            . . =|
[   32.182505] cloud-init[934]: |               *o|
[   32.182712] cloud-init[934]: |                +|
         Starting /etc/rc.local Compatibility...
[   32.182814] cloud-init[934]: +----[SHA256]-----+
[   32.196711] cloud-init[934]: Generating public/private dsa key pair.
[   32.196954] cloud-init[934]: Your identification has been saved in /etc/ssh/ssh_host_dsa_key.
[   32.197041] cloud-init[934]: Your public key has been saved in /etc/ssh/ssh_host_dsa_key.pub.
         Starting Login Service...
[   32.197067] cloud-init[934]: The key fingerprint is:
[   32.218126] cloud-init[934]: SHA256:WlsWwBJzEfhVHeEvs0LEvZEqZPOzp+l5gVT3ws2gQA4 root@ubuntu-xenial
[   32.218339] cloud-init[934]: The key's randomart image is:
         Starting LXD - container startup/shutdown...
[   32.218446] cloud-init[934]: +---[DSA 1024]----+
[   32.257252] cloud-init[934]: |      o+E+....oo |
[   32.265415] cloud-init[934]: |      oo.+o. o+..|
[   32.265626] cloud-init[934]: |       o .*.o+==.|
         Starting Pollinate to seed the pseudo random number generator...
[   32.265736] cloud-init[934]: |        .o =o.o++|
[   32.296428] cloud-init[934]: |        S +.=.+..|
         Starting System Logging Service...
[   32.302471] cloud-init[934]: |       o + o.o.+ |
[   32.336065]          cloud-initStarting LSB: MD monitoring daemon...[934]: 
|      . .   o o. |
[[0;32m  OK  [0m] Started Deferred execution scheduler.
[   32.363915] cloud-init[934]: |             *.  |
[   32.376844]          cloud-initStarting LSB: Record successful boot for GRUB...[934]: 
|           .=.   |
[   32.392744]          cloud-initStarting Accounts Service...[934]: 
+----[SHA256]-----+
[[0;32m  OK  [0m] Started Unattended Upgrades Shutdown.
[   32.409366] cloud-init[934]: Generating public/private ecdsa key pair.
[   32.432859] [cloud-init[0;32m  OK  [0m[934]: ] Your identification has been saved in /etc/ssh/ssh_host_ecdsa_key.Started Regular background program processing daemon.

[   32.433198] cloud-init[934]: Your public key has been saved in /etc/ssh/ssh_host_ecdsa_key.pub.
[   32.504613]          cloud-initStarting Apply the settings specified in cloud-config...[934]: 
The key fingerprint is:
[   32.550825] [cloud-init[0;32m  OK  [0m[934]: ] SHA256:fGzW4M3frwHUC0xvJ+C1bGuaSO4XSmciUPCliVkDsOs root@ubuntu-xenialStarted ACPI event daemon.

[   32.551194] cloud-init[934]: The key's randomart image is:
[   32.596565]          cloud-initStarting Snappy daemon...[934]: 
+---[ECDSA 256]---+
[   32.601133] [cloud-init[0;32m  OK  [0m[934]: ] |    ..ooo . o .  |Started System Logging Service.

[   32.601516] cloud-init[934]: |     . =.= + * . |
[   32.624145] [cloud-init[0;32m  OK  [0m[934]: ] |    . o.+ . = O .|Started /etc/rc.local Compatibility.

[   32.624467] cloud-init[934]: |     ... o * + = |
[   32.644383] [cloud-init[0;32m  OK  [0m[934]: ] |    .  .S B = +  |Started LXD - container startup/shutdown.

[   32.644729] cloud-init[934]: |   .    .*o.+* . |
[   32.651523] cloud-init[934]: |    E    oo=o.o .|
[   32.672187] cloud-init[934]: |         .. .  ..|
[   32.678270] cloud-init[934]: |          ..  ...|
[   32.686619] cloud-init[934]: +----[SHA256]-----+
[   32.697033] cloud-init[934]: Generating public/private ed25519 key pair.
[   32.700946] [cloud-init[0;32m  OK  [0m[934]: ] Your identification has been saved in /etc/ssh/ssh_host_ed25519_key.Started Login to default iSCSI targets.

[[0;32m  OK  [0m] Started LSB: MD monitoring daemon.
[   32.701350] cloud-init[934]: Your public key has been saved in /etc/ssh/ssh_host_ed25519_key.pub.
[[0;32m  OK  [0m] Started LSB: Record successful boot for GRUB.
[   32.735637] cloud-init[934]: The key fingerprint is:
[[0;32m  OK  [0m] Started Login Service.
[   32.772297] cloud-init[934]: SHA256:PiS9QTlRGBd+mN9EdFs0G8OJ0PRXkE+DbKgW2b/p8Fc root@ubuntu-xenial
[   32.785107] cloud-init[934]: The key's randomart image is:
[   32.814525]          cloud-initStarting Authenticate and Authorize Users to Run Privileged Tasks...[934]: 
+--[ED25519 256]--+
[   32.830377] [cloud-init[0;32m  OK  [0m[934]: ] |        o+*o*oBB*|Reached target Remote File Systems (Pre).

[[0;32m  OK  [0m] Reached target Remote File Systems.
[   32.830694] cloud-init[934]: |        .B = Bo=X|
[   32.865161]          cloud-initStarting LSB: VirtualBox Linux Additions...[934]: 
|        + * + .*o|
[   32.898264]          cloud-initStarting LSB: Set the CPU Frequency Scaling governor to "ondemand"...[934]: 
|       o + o +  o|
[   32.907258] cloud-init[934]: |      . S   . +  |
         Starting LSB: daemon to balance interrupts for SMP systems...
[   32.919431] cloud-init[934]: |       + o . o  E|
         Starting LSB: automatic crash report generation...
[   32.987209] cloud-init[934]: |        +   +   .|
[   33.030995] cloud-init[934]: |         .   o . |
         Starting Permit User Sessions...
[[0;32m  OK  [0m] Started Snappy daemon.
[[0;32m  OK  [0m] Started Permit User Sessions.
[[0;32m  OK  [0m] Started Authenticate and Authorize Users to Run Privileged Tasks.
[[0;32m  OK  [0m] Started Accounts Service.
[   33.057032] cloud-init[934]: |              .  |
[[0;32m  OK  [0m] Started LSB: Set the CPU Frequency Scaling governor to "ondemand".
[   33.184575] cloud-init[934]: +----[SHA256]-----+
         Starting Terminate Plymouth Boot Screen...
[   33.232947] cloud-init[1119]: Generating locales (this might take a while)...
         Starting Hold until boot process finishes up...
[[0;32m  OK  [0m] Started LSB: VirtualBox Linux Additions.
[[0;32m  OK  [0m] Started LSB: daemon to balance interrupts for SMP systems.
[[0;32m  OK  [0m] Started LSB: automatic crash report generation.
[[0;32m  OK  [0m] Started Terminate Plymouth Boot Screen.
[[0;32m  OK  [0m] Started Hold until boot process finishes up.
[[0;32m  OK  [0m] Started Getty on tty1.
[[0;32m  OK  [0m] Started Serial Getty on ttyS0.
[[0;32m  OK  [0m] Reached target Login Prompts.
         Starting Set console scheme...
[[0;32m  OK  [0m] Started Set console scheme.
[   33.484734] cloud-init[1119]:   en_US.UTF-8... done
[   33.491897] cloud-init[1119]: Generation complete.
[   33.714555] cloud-init[1119]: Cloud-init v. 17.2 running 'modules:config' at Tue, 20 Mar 2018 09:26:17 +0000. Up 32.68 seconds.
[[0;32m  OK  [0m] Started Apply the settings specified in cloud-config.
[[0;32m  OK  [0m] Started Pollinate to seed the pseudo random number generator.
         Starting OpenBSD Secure Shell server...
[[0;32m  OK  [0m] Started OpenBSD Secure Shell server.
[[0;32m  OK  [0m] Reached target Multi-User System.
[[0;32m  OK  [0m] Reached target Graphical Interface.
         Starting Update UTMP about System Runlevel Changes...
         Starting Execute cloud user/final scripts...
[[0;32m  OK  [0m] Started Update UTMP about System Runlevel Changes.
ci-info: no authorized ssh keys fingerprints found for user ubuntu.
<14>Mar 20 09:26:19 ec2: 
<14>Mar 20 09:26:19 ec2: #############################################################
<14>Mar 20 09:26:19 ec2: -----BEGIN SSH HOST KEY FINGERPRINTS-----
<14>Mar 20 09:26:19 ec2: 1024 SHA256:WlsWwBJzEfhVHeEvs0LEvZEqZPOzp+l5gVT3ws2gQA4 root@ubuntu-xenial (DSA)
<14>Mar 20 09:26:19 ec2: 256 SHA256:fGzW4M3frwHUC0xvJ+C1bGuaSO4XSmciUPCliVkDsOs root@ubuntu-xenial (ECDSA)
<14>Mar 20 09:26:19 ec2: 256 SHA256:PiS9QTlRGBd+mN9EdFs0G8OJ0PRXkE+DbKgW2b/p8Fc root@ubuntu-xenial (ED25519)
<14>Mar 20 09:26:19 ec2: 2048 SHA256:Hf6VsNiwB73MhRa2H38vz/R0EQAeg32pPMgQ+8XNMsI root@ubuntu-xenial (RSA)
<14>Mar 20 09:26:19 ec2: -----END SSH HOST KEY FINGERPRINTS-----
<14>Mar 20 09:26:19 ec2: #############################################################
-----BEGIN SSH HOST KEY KEYS-----
ecdsa-sha2-nistp256 AAAAE2VjZHNhLXNoYTItbmlzdHAyNTYAAAAIbmlzdHAyNTYAAABBBCmdJxUUpemPce7tXy6dvHl5yGYcxpRYdKYlTrtUz1CVrwwb1wZjMNJfjYSREsUKlatA92p3vD9IbXa1ozc27m8= root@ubuntu-xenial
ssh-ed25519 AAAAC3NzaC1lZDI1NTE5AAAAIBA4WNWkTslb3J62Vu8RPpDYT64F4ySLH8DNjdLsjTqA root@ubuntu-xenial
ssh-rsa AAAAB3NzaC1yc2EAAAADAQABAAABAQCwPV56A8uX7mDCbjQBzvHYcm092SM2TJESMaBzd+FZ9d38EA9acKichmRg0tSgTAYWQ+UDFN+NQLifhOoihu07QW0//sRdeKjxF69NJCwMIaFp5nrMRxidNs5ybz8YDnG2VqCkn/ubxdpAQBwUd1bomF662ZrjyrIHtSFN63f+kN2pG1mEpNJXArug78QgBn4k6juCP7/Ue5DcsbzZEl5Z1oXi+eysJpo8neZ1o0X0Vu5u8sC4rBZANvUCMu9PdJNUPa+ZODpqdHBcm6gaNu7teBlgiieHyNhQx7vwIjKV3lGoNzDEfSCN+z31DOO7eoUpZ3Ip/LoaG0wkeMaqvxcJ root@ubuntu-xenial
-----END SSH HOST KEY KEYS-----
[   34.427547] cloud-init[1286]: Cloud-init v. 17.2 running 'modules:final' at Tue, 20 Mar 2018 09:26:19 +0000. Up 34.22 seconds.
[   34.462691] cloud-init[1286]: ci-info: no authorized ssh keys fingerprints found for user ubuntu.
[   34.462996] cloud-init[1286]: Cloud-init v. 17.2 finished at Tue, 20 Mar 2018 09:26:19 +0000. Datasource DataSourceNoCloud [seed=/dev/sdb][dsmode=net].  Up 34.42 seconds
[[0;32m  OK  [0m] Started Execute cloud user/final scripts.
[[0;32m  OK  [0m] Reached target Cloud-init target.

Ubuntu 16.04.4 LTS ubuntu-xenial ttyS0

ubuntu-xenial login: 